{"/Users/justinkwan/FormCheck/client/src/components/Form/Button.jsx": {"path":"/Users/justinkwan/FormCheck/client/src/components/Form/Button.jsx","statementMap":{"0":{"start":{"line":7,"column":18},"end":{"line":16,"column":3}},"1":{"start":{"line":7,"column":41},"end":{"line":16,"column":1}},"2":{"start":{"line":19,"column":18},"end":{"line":19,"column":29}},"3":{"start":{"line":21,"column":2},"end":{"line":59,"column":4}}},"fnMap":{"0":{"name":"(anonymous_0)","decl":{"start":{"line":7,"column":29},"end":{"line":7,"column":30}},"loc":{"start":{"line":7,"column":41},"end":{"line":16,"column":1}},"line":7},"1":{"name":"UploadButtons","decl":{"start":{"line":18,"column":9},"end":{"line":18,"column":22}},"loc":{"start":{"line":18,"column":30},"end":{"line":60,"column":1}},"line":18}},"branchMap":{"0":{"loc":{"start":{"line":45,"column":9},"end":{"line":45,"column":44}},"type":"cond-expr","locations":[{"start":{"line":45,"column":23},"end":{"line":45,"column":39}},{"start":{"line":45,"column":42},"end":{"line":45,"column":44}}],"line":45}},"s":{"0":1,"1":1,"2":3,"3":3},"f":{"0":1,"1":3},"b":{"0":[0,3]},"_coverageSchema":"1a1c01bbd47fc00a2c39e90264f33305004495a9","hash":"26df96f52ef2baf359160f702c797379df51993a"}
,"/Users/justinkwan/FormCheck/client/src/components/Form/ProgressForm.jsx": {"path":"/Users/justinkwan/FormCheck/client/src/components/Form/ProgressForm.jsx","statementMap":{"0":{"start":{"line":6,"column":21},"end":{"line":10,"column":4}},"1":{"start":{"line":12,"column":16},"end":{"line":12,"column":31}},"2":{"start":{"line":13,"column":13},"end":{"line":13,"column":29}},"3":{"start":{"line":15,"column":14},"end":{"line":23,"column":1}},"4":{"start":{"line":24,"column":16},"end":{"line":24,"column":34}},"5":{"start":{"line":25,"column":17},"end":{"line":33,"column":1}},"6":{"start":{"line":36,"column":32},"end":{"line":36,"column":53}},"7":{"start":{"line":37,"column":28},"end":{"line":37,"column":40}},"8":{"start":{"line":39,"column":15},"end":{"line":41,"column":3}},"9":{"start":{"line":40,"column":4},"end":{"line":40,"column":16}},"10":{"start":{"line":42,"column":25},"end":{"line":44,"column":3}},"11":{"start":{"line":43,"column":4},"end":{"line":43,"column":31}},"12":{"start":{"line":46,"column":23},"end":{"line":48,"column":3}},"13":{"start":{"line":47,"column":4},"end":{"line":47,"column":52}},"14":{"start":{"line":47,"column":24},"end":{"line":47,"column":52}},"15":{"start":{"line":50,"column":24},"end":{"line":61,"column":3}},"16":{"start":{"line":51,"column":4},"end":{"line":51,"column":23}},"17":{"start":{"line":52,"column":21},"end":{"line":52,"column":35}},"18":{"start":{"line":53,"column":4},"end":{"line":53,"column":36}},"19":{"start":{"line":54,"column":15},"end":{"line":57,"column":5}},"20":{"start":{"line":58,"column":4},"end":{"line":58,"column":27}},"21":{"start":{"line":59,"column":4},"end":{"line":59,"column":28}},"22":{"start":{"line":60,"column":4},"end":{"line":60,"column":17}},"23":{"start":{"line":63,"column":2},"end":{"line":76,"column":4}}},"fnMap":{"0":{"name":"ProgressForm","decl":{"start":{"line":35,"column":9},"end":{"line":35,"column":21}},"loc":{"start":{"line":35,"column":29},"end":{"line":77,"column":1}},"line":35},"1":{"name":"(anonymous_1)","decl":{"start":{"line":39,"column":15},"end":{"line":39,"column":16}},"loc":{"start":{"line":39,"column":21},"end":{"line":41,"column":3}},"line":39},"2":{"name":"(anonymous_2)","decl":{"start":{"line":42,"column":25},"end":{"line":42,"column":26}},"loc":{"start":{"line":42,"column":32},"end":{"line":44,"column":3}},"line":42},"3":{"name":"(anonymous_3)","decl":{"start":{"line":46,"column":23},"end":{"line":46,"column":24}},"loc":{"start":{"line":46,"column":30},"end":{"line":48,"column":3}},"line":46},"4":{"name":"(anonymous_4)","decl":{"start":{"line":50,"column":24},"end":{"line":50,"column":25}},"loc":{"start":{"line":50,"column":31},"end":{"line":61,"column":3}},"line":50}},"branchMap":{"0":{"loc":{"start":{"line":47,"column":4},"end":{"line":47,"column":52}},"type":"if","locations":[{"start":{"line":47,"column":4},"end":{"line":47,"column":52}},{"start":{"line":47,"column":4},"end":{"line":47,"column":52}}],"line":47}},"s":{"0":1,"1":1,"2":1,"3":1,"4":1,"5":1,"6":2,"7":2,"8":2,"9":0,"10":2,"11":0,"12":2,"13":0,"14":0,"15":2,"16":0,"17":0,"18":0,"19":0,"20":0,"21":0,"22":0,"23":2},"f":{"0":2,"1":0,"2":0,"3":0,"4":0},"b":{"0":[0,0]},"_coverageSchema":"1a1c01bbd47fc00a2c39e90264f33305004495a9","hash":"25ab9c706d51076ed203b6c1979792dafd533822"}
,"/Users/justinkwan/FormCheck/client/src/components/FrontPage/App.jsx": {"path":"/Users/justinkwan/FormCheck/client/src/components/FrontPage/App.jsx","statementMap":{"0":{"start":{"line":36,"column":20},"end":{"line":36,"column":23}},"1":{"start":{"line":38,"column":18},"end":{"line":99,"column":3}},"2":{"start":{"line":38,"column":41},"end":{"line":99,"column":1}},"3":{"start":{"line":103,"column":18},"end":{"line":103,"column":29}},"4":{"start":{"line":104,"column":16},"end":{"line":104,"column":26}},"5":{"start":{"line":105,"column":33},"end":{"line":105,"column":47}},"6":{"start":{"line":106,"column":28},"end":{"line":106,"column":43}},"7":{"start":{"line":107,"column":38},"end":{"line":107,"column":53}},"8":{"start":{"line":108,"column":30},"end":{"line":108,"column":42}},"9":{"start":{"line":109,"column":33},"end":{"line":109,"column":45}},"10":{"start":{"line":110,"column":34},"end":{"line":110,"column":46}},"11":{"start":{"line":113,"column":27},"end":{"line":115,"column":3}},"12":{"start":{"line":114,"column":4},"end":{"line":114,"column":18}},"13":{"start":{"line":117,"column":28},"end":{"line":119,"column":3}},"14":{"start":{"line":118,"column":4},"end":{"line":118,"column":19}},"15":{"start":{"line":122,"column":22},"end":{"line":126,"column":3}},"16":{"start":{"line":123,"column":4},"end":{"line":123,"column":23}},"17":{"start":{"line":124,"column":4},"end":{"line":124,"column":29}},"18":{"start":{"line":125,"column":4},"end":{"line":125,"column":19}},"19":{"start":{"line":129,"column":22},"end":{"line":131,"column":3}},"20":{"start":{"line":130,"column":4},"end":{"line":130,"column":44}},"21":{"start":{"line":134,"column":23},"end":{"line":137,"column":3}},"22":{"start":{"line":135,"column":4},"end":{"line":135,"column":23}},"23":{"start":{"line":136,"column":4},"end":{"line":136,"column":30}},"24":{"start":{"line":140,"column":26},"end":{"line":150,"column":3}},"25":{"start":{"line":141,"column":4},"end":{"line":149,"column":47}},"26":{"start":{"line":143,"column":20},"end":{"line":143,"column":38}},"27":{"start":{"line":144,"column":8},"end":{"line":146,"column":9}},"28":{"start":{"line":145,"column":10},"end":{"line":145,"column":63}},"29":{"start":{"line":145,"column":39},"end":{"line":145,"column":62}},"30":{"start":{"line":147,"column":8},"end":{"line":147,"column":27}},"31":{"start":{"line":149,"column":22},"end":{"line":149,"column":45}},"32":{"start":{"line":152,"column":2},"end":{"line":162,"column":15}},"33":{"start":{"line":153,"column":4},"end":{"line":161,"column":5}},"34":{"start":{"line":154,"column":6},"end":{"line":154,"column":24}},"35":{"start":{"line":156,"column":22},"end":{"line":158,"column":7}},"36":{"start":{"line":157,"column":8},"end":{"line":157,"column":43}},"37":{"start":{"line":159,"column":6},"end":{"line":159,"column":33}},"38":{"start":{"line":160,"column":6},"end":{"line":160,"column":25}},"39":{"start":{"line":173,"column":28},"end":{"line":183,"column":3}},"40":{"start":{"line":174,"column":19},"end":{"line":179,"column":5}},"41":{"start":{"line":180,"column":4},"end":{"line":182,"column":40}},"42":{"start":{"line":181,"column":21},"end":{"line":181,"column":42}},"43":{"start":{"line":182,"column":22},"end":{"line":182,"column":38}},"44":{"start":{"line":260,"column":21},"end":{"line":264,"column":3}},"45":{"start":{"line":261,"column":4},"end":{"line":261,"column":45}},"46":{"start":{"line":261,"column":25},"end":{"line":261,"column":45}},"47":{"start":{"line":262,"column":4},"end":{"line":262,"column":80}},"48":{"start":{"line":262,"column":51},"end":{"line":262,"column":80}},"49":{"start":{"line":263,"column":4},"end":{"line":263,"column":57}},"50":{"start":{"line":263,"column":29},"end":{"line":263,"column":57}},"51":{"start":{"line":267,"column":21},"end":{"line":284,"column":3}},"52":{"start":{"line":268,"column":4},"end":{"line":270,"column":5}},"53":{"start":{"line":269,"column":6},"end":{"line":269,"column":27}},"54":{"start":{"line":270,"column":6},"end":{"line":272,"column":5}},"55":{"start":{"line":271,"column":6},"end":{"line":271,"column":24}},"56":{"start":{"line":272,"column":6},"end":{"line":276,"column":5}},"57":{"start":{"line":273,"column":6},"end":{"line":275,"column":11}},"58":{"start":{"line":277,"column":4},"end":{"line":283,"column":6}},"59":{"start":{"line":286,"column":2},"end":{"line":346,"column":4}},"60":{"start":{"line":333,"column":12},"end":{"line":336,"column":23}}},"fnMap":{"0":{"name":"(anonymous_0)","decl":{"start":{"line":38,"column":29},"end":{"line":38,"column":30}},"loc":{"start":{"line":38,"column":41},"end":{"line":99,"column":1}},"line":38},"1":{"name":"App","decl":{"start":{"line":102,"column":9},"end":{"line":102,"column":12}},"loc":{"start":{"line":102,"column":15},"end":{"line":347,"column":1}},"line":102},"2":{"name":"(anonymous_2)","decl":{"start":{"line":113,"column":27},"end":{"line":113,"column":28}},"loc":{"start":{"line":113,"column":33},"end":{"line":115,"column":3}},"line":113},"3":{"name":"(anonymous_3)","decl":{"start":{"line":117,"column":28},"end":{"line":117,"column":29}},"loc":{"start":{"line":117,"column":34},"end":{"line":119,"column":3}},"line":117},"4":{"name":"(anonymous_4)","decl":{"start":{"line":122,"column":22},"end":{"line":122,"column":23}},"loc":{"start":{"line":122,"column":29},"end":{"line":126,"column":3}},"line":122},"5":{"name":"(anonymous_5)","decl":{"start":{"line":129,"column":22},"end":{"line":129,"column":23}},"loc":{"start":{"line":129,"column":29},"end":{"line":131,"column":3}},"line":129},"6":{"name":"(anonymous_6)","decl":{"start":{"line":134,"column":23},"end":{"line":134,"column":24}},"loc":{"start":{"line":134,"column":30},"end":{"line":137,"column":3}},"line":134},"7":{"name":"(anonymous_7)","decl":{"start":{"line":140,"column":26},"end":{"line":140,"column":27}},"loc":{"start":{"line":140,"column":32},"end":{"line":150,"column":3}},"line":140},"8":{"name":"(anonymous_8)","decl":{"start":{"line":142,"column":12},"end":{"line":142,"column":13}},"loc":{"start":{"line":142,"column":21},"end":{"line":148,"column":7}},"line":142},"9":{"name":"(anonymous_9)","decl":{"start":{"line":145,"column":31},"end":{"line":145,"column":32}},"loc":{"start":{"line":145,"column":39},"end":{"line":145,"column":62}},"line":145},"10":{"name":"(anonymous_10)","decl":{"start":{"line":149,"column":13},"end":{"line":149,"column":14}},"loc":{"start":{"line":149,"column":22},"end":{"line":149,"column":45}},"line":149},"11":{"name":"(anonymous_11)","decl":{"start":{"line":152,"column":13},"end":{"line":152,"column":14}},"loc":{"start":{"line":152,"column":18},"end":{"line":162,"column":3}},"line":152},"12":{"name":"(anonymous_12)","decl":{"start":{"line":156,"column":38},"end":{"line":156,"column":39}},"loc":{"start":{"line":157,"column":8},"end":{"line":157,"column":43}},"line":157},"13":{"name":"(anonymous_13)","decl":{"start":{"line":173,"column":28},"end":{"line":173,"column":29}},"loc":{"start":{"line":173,"column":38},"end":{"line":183,"column":3}},"line":173},"14":{"name":"(anonymous_14)","decl":{"start":{"line":181,"column":12},"end":{"line":181,"column":13}},"loc":{"start":{"line":181,"column":21},"end":{"line":181,"column":42}},"line":181},"15":{"name":"(anonymous_15)","decl":{"start":{"line":182,"column":13},"end":{"line":182,"column":14}},"loc":{"start":{"line":182,"column":22},"end":{"line":182,"column":38}},"line":182},"16":{"name":"(anonymous_16)","decl":{"start":{"line":260,"column":21},"end":{"line":260,"column":22}},"loc":{"start":{"line":260,"column":31},"end":{"line":264,"column":3}},"line":260},"17":{"name":"(anonymous_17)","decl":{"start":{"line":267,"column":21},"end":{"line":267,"column":22}},"loc":{"start":{"line":267,"column":27},"end":{"line":284,"column":3}},"line":267},"18":{"name":"(anonymous_18)","decl":{"start":{"line":332,"column":59},"end":{"line":332,"column":60}},"loc":{"start":{"line":333,"column":12},"end":{"line":336,"column":23}},"line":333}},"branchMap":{"0":{"loc":{"start":{"line":144,"column":8},"end":{"line":146,"column":9}},"type":"if","locations":[{"start":{"line":144,"column":8},"end":{"line":146,"column":9}},{"start":{"line":144,"column":8},"end":{"line":146,"column":9}}],"line":144},"1":{"loc":{"start":{"line":144,"column":12},"end":{"line":144,"column":35}},"type":"binary-expr","locations":[{"start":{"line":144,"column":12},"end":{"line":144,"column":18}},{"start":{"line":144,"column":22},"end":{"line":144,"column":35}}],"line":144},"2":{"loc":{"start":{"line":153,"column":4},"end":{"line":161,"column":5}},"type":"if","locations":[{"start":{"line":153,"column":4},"end":{"line":161,"column":5}},{"start":{"line":153,"column":4},"end":{"line":161,"column":5}}],"line":153},"3":{"loc":{"start":{"line":261,"column":4},"end":{"line":261,"column":45}},"type":"if","locations":[{"start":{"line":261,"column":4},"end":{"line":261,"column":45}},{"start":{"line":261,"column":4},"end":{"line":261,"column":45}}],"line":261},"4":{"loc":{"start":{"line":262,"column":4},"end":{"line":262,"column":80}},"type":"if","locations":[{"start":{"line":262,"column":4},"end":{"line":262,"column":80}},{"start":{"line":262,"column":4},"end":{"line":262,"column":80}}],"line":262},"5":{"loc":{"start":{"line":262,"column":8},"end":{"line":262,"column":49}},"type":"binary-expr","locations":[{"start":{"line":262,"column":8},"end":{"line":262,"column":28}},{"start":{"line":262,"column":32},"end":{"line":262,"column":49}}],"line":262},"6":{"loc":{"start":{"line":263,"column":4},"end":{"line":263,"column":57}},"type":"if","locations":[{"start":{"line":263,"column":4},"end":{"line":263,"column":57}},{"start":{"line":263,"column":4},"end":{"line":263,"column":57}}],"line":263},"7":{"loc":{"start":{"line":268,"column":4},"end":{"line":270,"column":5}},"type":"if","locations":[{"start":{"line":268,"column":4},"end":{"line":270,"column":5}},{"start":{"line":268,"column":4},"end":{"line":270,"column":5}}],"line":268},"8":{"loc":{"start":{"line":270,"column":6},"end":{"line":272,"column":5}},"type":"if","locations":[{"start":{"line":270,"column":6},"end":{"line":272,"column":5}},{"start":{"line":270,"column":6},"end":{"line":272,"column":5}}],"line":270},"9":{"loc":{"start":{"line":272,"column":6},"end":{"line":276,"column":5}},"type":"if","locations":[{"start":{"line":272,"column":6},"end":{"line":276,"column":5}},{"start":{"line":272,"column":6},"end":{"line":276,"column":5}}],"line":272},"10":{"loc":{"start":{"line":327,"column":13},"end":{"line":327,"column":83}},"type":"cond-expr","locations":[{"start":{"line":327,"column":41},"end":{"line":327,"column":61}},{"start":{"line":327,"column":64},"end":{"line":327,"column":83}}],"line":327}},"s":{"0":1,"1":1,"2":1,"3":3,"4":3,"5":3,"6":3,"7":3,"8":3,"9":3,"10":3,"11":3,"12":0,"13":3,"14":0,"15":3,"16":0,"17":0,"18":0,"19":3,"20":0,"21":3,"22":0,"23":0,"24":3,"25":1,"26":0,"27":0,"28":0,"29":0,"30":0,"31":1,"32":3,"33":1,"34":1,"35":0,"36":0,"37":0,"38":0,"39":3,"40":0,"41":0,"42":0,"43":0,"44":3,"45":12,"46":3,"47":9,"48":6,"49":3,"50":3,"51":3,"52":3,"53":0,"54":3,"55":0,"56":3,"57":0,"58":3,"59":3,"60":12},"f":{"0":1,"1":3,"2":0,"3":0,"4":0,"5":0,"6":0,"7":1,"8":0,"9":0,"10":1,"11":1,"12":0,"13":0,"14":0,"15":0,"16":12,"17":3,"18":12},"b":{"0":[0,0],"1":[0,0],"2":[1,0],"3":[3,9],"4":[6,3],"5":[9,6],"6":[3,0],"7":[0,3],"8":[0,3],"9":[0,3],"10":[0,3]},"_coverageSchema":"1a1c01bbd47fc00a2c39e90264f33305004495a9","hash":"0a93ac1a37247aca3d0a0926c7db8475a99f285a"}
,"/Users/justinkwan/FormCheck/client/src/components/FrontPage/Greeting.jsx": {"path":"/Users/justinkwan/FormCheck/client/src/components/FrontPage/Greeting.jsx","statementMap":{"0":{"start":{"line":5,"column":16},"end":{"line":6,"column":1}},"1":{"start":{"line":7,"column":15},"end":{"line":8,"column":1}},"2":{"start":{"line":9,"column":13},"end":{"line":10,"column":1}},"3":{"start":{"line":12,"column":17},"end":{"line":21,"column":1}},"4":{"start":{"line":13,"column":2},"end":{"line":20,"column":12}}},"fnMap":{"0":{"name":"(anonymous_0)","decl":{"start":{"line":12,"column":17},"end":{"line":12,"column":18}},"loc":{"start":{"line":13,"column":2},"end":{"line":20,"column":12}},"line":13}},"branchMap":{},"s":{"0":1,"1":1,"2":1,"3":1,"4":2},"f":{"0":2},"b":{},"_coverageSchema":"1a1c01bbd47fc00a2c39e90264f33305004495a9","hash":"16406d740863a362ecd2295bf9a61a07c909b1e8"}
,"/Users/justinkwan/FormCheck/client/src/components/FrontPage/SearchBar.jsx": {"path":"/Users/justinkwan/FormCheck/client/src/components/FrontPage/SearchBar.jsx","statementMap":{"0":{"start":{"line":11,"column":18},"end":{"line":29,"column":3}},"1":{"start":{"line":11,"column":41},"end":{"line":29,"column":1}},"2":{"start":{"line":32,"column":18},"end":{"line":32,"column":29}},"3":{"start":{"line":34,"column":2},"end":{"line":47,"column":4}}},"fnMap":{"0":{"name":"(anonymous_0)","decl":{"start":{"line":11,"column":29},"end":{"line":11,"column":30}},"loc":{"start":{"line":11,"column":41},"end":{"line":29,"column":1}},"line":11},"1":{"name":"SearchBar","decl":{"start":{"line":31,"column":9},"end":{"line":31,"column":18}},"loc":{"start":{"line":31,"column":26},"end":{"line":48,"column":1}},"line":31}},"branchMap":{},"s":{"0":1,"1":1,"2":2,"3":2},"f":{"0":1,"1":2},"b":{},"_coverageSchema":"1a1c01bbd47fc00a2c39e90264f33305004495a9","hash":"80caf8d940c559c5aa732cbc01fc16f99d659149"}
,"/Users/justinkwan/FormCheck/client/src/components/Progress/Images.jsx": {"path":"/Users/justinkwan/FormCheck/client/src/components/Progress/Images.jsx","statementMap":{"0":{"start":{"line":12,"column":18},"end":{"line":35,"column":3}},"1":{"start":{"line":12,"column":41},"end":{"line":35,"column":1}},"2":{"start":{"line":38,"column":18},"end":{"line":38,"column":29}},"3":{"start":{"line":39,"column":23},"end":{"line":39,"column":37}},"4":{"start":{"line":40,"column":17},"end":{"line":42,"column":3}},"5":{"start":{"line":41,"column":4},"end":{"line":41,"column":35}},"6":{"start":{"line":43,"column":2},"end":{"line":43,"column":35}},"7":{"start":{"line":44,"column":2},"end":{"line":68,"column":3}},"8":{"start":{"line":45,"column":4},"end":{"line":67,"column":6}},"9":{"start":{"line":49,"column":12},"end":{"line":63,"column":27}},"10":{"start":{"line":69,"column":2},"end":{"line":69,"column":36}}},"fnMap":{"0":{"name":"(anonymous_0)","decl":{"start":{"line":12,"column":29},"end":{"line":12,"column":30}},"loc":{"start":{"line":12,"column":41},"end":{"line":35,"column":1}},"line":12},"1":{"name":"Images","decl":{"start":{"line":37,"column":9},"end":{"line":37,"column":15}},"loc":{"start":{"line":37,"column":23},"end":{"line":70,"column":1}},"line":37},"2":{"name":"(anonymous_2)","decl":{"start":{"line":40,"column":17},"end":{"line":40,"column":18}},"loc":{"start":{"line":40,"column":27},"end":{"line":42,"column":3}},"line":40},"3":{"name":"(anonymous_3)","decl":{"start":{"line":48,"column":28},"end":{"line":48,"column":29}},"loc":{"start":{"line":49,"column":12},"end":{"line":63,"column":27}},"line":49}},"branchMap":{"0":{"loc":{"start":{"line":44,"column":2},"end":{"line":68,"column":3}},"type":"if","locations":[{"start":{"line":44,"column":2},"end":{"line":68,"column":3}},{"start":{"line":44,"column":2},"end":{"line":68,"column":3}}],"line":44},"1":{"loc":{"start":{"line":49,"column":62},"end":{"line":49,"column":81}},"type":"cond-expr","locations":[{"start":{"line":49,"column":76},"end":{"line":49,"column":77}},{"start":{"line":49,"column":80},"end":{"line":49,"column":81}}],"line":49},"2":{"loc":{"start":{"line":49,"column":89},"end":{"line":49,"column":108}},"type":"cond-expr","locations":[{"start":{"line":49,"column":103},"end":{"line":49,"column":104}},{"start":{"line":49,"column":107},"end":{"line":49,"column":108}}],"line":49}},"s":{"0":1,"1":1,"2":2,"3":2,"4":2,"5":0,"6":2,"7":2,"8":1,"9":0,"10":1},"f":{"0":1,"1":2,"2":0,"3":0},"b":{"0":[1,1],"1":[0,0],"2":[0,0]},"_coverageSchema":"1a1c01bbd47fc00a2c39e90264f33305004495a9","hash":"f269469da6fbf97d71a54237bb57c2f483e20fae"}
,"/Users/justinkwan/FormCheck/client/src/components/Workout/Planks.jsx": {"path":"/Users/justinkwan/FormCheck/client/src/components/Workout/Planks.jsx","statementMap":{"0":{"start":{"line":8,"column":16},"end":{"line":10,"column":1}},"1":{"start":{"line":11,"column":15},"end":{"line":13,"column":1}},"2":{"start":{"line":15,"column":23},"end":{"line":18,"column":1}},"3":{"start":{"line":21,"column":28},"end":{"line":21,"column":43}},"4":{"start":{"line":22,"column":34},"end":{"line":22,"column":52}},"5":{"start":{"line":23,"column":15},"end":{"line":30,"column":3}},"6":{"start":{"line":31,"column":18},"end":{"line":34,"column":3}},"7":{"start":{"line":33,"column":4},"end":{"line":33,"column":26}},"8":{"start":{"line":35,"column":22},"end":{"line":38,"column":3}},"9":{"start":{"line":36,"column":4},"end":{"line":36,"column":23}},"10":{"start":{"line":37,"column":4},"end":{"line":37,"column":18}},"11":{"start":{"line":39,"column":21},"end":{"line":55,"column":3}},"12":{"start":{"line":40,"column":4},"end":{"line":54,"column":5}},"13":{"start":{"line":41,"column":6},"end":{"line":41,"column":43}},"14":{"start":{"line":43,"column":6},"end":{"line":53,"column":7}},"15":{"start":{"line":56,"column":2},"end":{"line":60,"column":3}}},"fnMap":{"0":{"name":"Planks","decl":{"start":{"line":20,"column":9},"end":{"line":20,"column":15}},"loc":{"start":{"line":20,"column":24},"end":{"line":61,"column":1}},"line":20},"1":{"name":"(anonymous_1)","decl":{"start":{"line":31,"column":18},"end":{"line":31,"column":19}},"loc":{"start":{"line":31,"column":25},"end":{"line":34,"column":3}},"line":31},"2":{"name":"(anonymous_2)","decl":{"start":{"line":35,"column":22},"end":{"line":35,"column":23}},"loc":{"start":{"line":35,"column":29},"end":{"line":38,"column":3}},"line":35},"3":{"name":"(anonymous_3)","decl":{"start":{"line":39,"column":21},"end":{"line":39,"column":22}},"loc":{"start":{"line":39,"column":27},"end":{"line":55,"column":3}},"line":39}},"branchMap":{"0":{"loc":{"start":{"line":40,"column":4},"end":{"line":54,"column":5}},"type":"if","locations":[{"start":{"line":40,"column":4},"end":{"line":54,"column":5}},{"start":{"line":40,"column":4},"end":{"line":54,"column":5}}],"line":40}},"s":{"0":1,"1":1,"2":1,"3":1,"4":1,"5":1,"6":1,"7":0,"8":1,"9":0,"10":0,"11":1,"12":1,"13":0,"14":1,"15":1},"f":{"0":1,"1":0,"2":0,"3":1},"b":{"0":[0,1]},"_coverageSchema":"1a1c01bbd47fc00a2c39e90264f33305004495a9","hash":"5f123f2f3148bf179c0e9e0d262ac4e1f3eca447"}
,"/Users/justinkwan/FormCheck/client/src/components/Workout/Shoulders.jsx": {"path":"/Users/justinkwan/FormCheck/client/src/components/Workout/Shoulders.jsx","statementMap":{"0":{"start":{"line":9,"column":16},"end":{"line":11,"column":1}},"1":{"start":{"line":12,"column":15},"end":{"line":14,"column":1}},"2":{"start":{"line":16,"column":23},"end":{"line":19,"column":1}},"3":{"start":{"line":21,"column":28},"end":{"line":21,"column":43}},"4":{"start":{"line":22,"column":34},"end":{"line":22,"column":60}},"5":{"start":{"line":23,"column":15},"end":{"line":30,"column":3}},"6":{"start":{"line":32,"column":18},"end":{"line":35,"column":3}},"7":{"start":{"line":34,"column":4},"end":{"line":34,"column":26}},"8":{"start":{"line":37,"column":22},"end":{"line":40,"column":3}},"9":{"start":{"line":38,"column":4},"end":{"line":38,"column":23}},"10":{"start":{"line":39,"column":4},"end":{"line":39,"column":18}},"11":{"start":{"line":42,"column":21},"end":{"line":58,"column":3}},"12":{"start":{"line":43,"column":4},"end":{"line":57,"column":5}},"13":{"start":{"line":44,"column":6},"end":{"line":44,"column":43}},"14":{"start":{"line":46,"column":6},"end":{"line":56,"column":7}},"15":{"start":{"line":59,"column":2},"end":{"line":63,"column":3}}},"fnMap":{"0":{"name":"Shoulders","decl":{"start":{"line":20,"column":9},"end":{"line":20,"column":18}},"loc":{"start":{"line":20,"column":27},"end":{"line":64,"column":1}},"line":20},"1":{"name":"(anonymous_1)","decl":{"start":{"line":32,"column":18},"end":{"line":32,"column":19}},"loc":{"start":{"line":32,"column":25},"end":{"line":35,"column":3}},"line":32},"2":{"name":"(anonymous_2)","decl":{"start":{"line":37,"column":22},"end":{"line":37,"column":23}},"loc":{"start":{"line":37,"column":29},"end":{"line":40,"column":3}},"line":37},"3":{"name":"(anonymous_3)","decl":{"start":{"line":42,"column":21},"end":{"line":42,"column":22}},"loc":{"start":{"line":42,"column":27},"end":{"line":58,"column":3}},"line":42}},"branchMap":{"0":{"loc":{"start":{"line":43,"column":4},"end":{"line":57,"column":5}},"type":"if","locations":[{"start":{"line":43,"column":4},"end":{"line":57,"column":5}},{"start":{"line":43,"column":4},"end":{"line":57,"column":5}}],"line":43}},"s":{"0":1,"1":1,"2":1,"3":1,"4":1,"5":1,"6":1,"7":0,"8":1,"9":0,"10":0,"11":1,"12":1,"13":0,"14":1,"15":1},"f":{"0":1,"1":0,"2":0,"3":1},"b":{"0":[0,1]},"_coverageSchema":"1a1c01bbd47fc00a2c39e90264f33305004495a9","hash":"fcc4794f1d74ab79b7aa72d4e210fcccd6b790d1"}
,"/Users/justinkwan/FormCheck/client/src/components/Workout/Planks/Camera.jsx": {"path":"/Users/justinkwan/FormCheck/client/src/components/Workout/Planks/Camera.jsx","statementMap":{"0":{"start":{"line":4,"column":2},"end":{"line":7,"column":8}},"1":{"start":{"line":5,"column":4},"end":{"line":5,"column":24}},"2":{"start":{"line":6,"column":4},"end":{"line":6,"column":14}},"3":{"start":{"line":10,"column":2},"end":{"line":12,"column":3}},"4":{"start":{"line":11,"column":4},"end":{"line":11,"column":13}},"5":{"start":{"line":13,"column":2},"end":{"line":13,"column":19}},"6":{"start":{"line":17,"column":28},"end":{"line":17,"column":50}},"7":{"start":{"line":18,"column":19},"end":{"line":18,"column":28}},"8":{"start":{"line":19,"column":21},"end":{"line":19,"column":26}},"9":{"start":{"line":20,"column":18},"end":{"line":22,"column":3}},"10":{"start":{"line":21,"column":4},"end":{"line":21,"column":25}},"11":{"start":{"line":23,"column":20},"end":{"line":25,"column":3}},"12":{"start":{"line":24,"column":4},"end":{"line":24,"column":24}},"13":{"start":{"line":26,"column":21},"end":{"line":78,"column":3}},"14":{"start":{"line":28,"column":6},"end":{"line":30,"column":7}},"15":{"start":{"line":29,"column":8},"end":{"line":29,"column":15}},"16":{"start":{"line":38,"column":10},"end":{"line":38,"column":38}},"17":{"start":{"line":39,"column":20},"end":{"line":39,"column":43}},"18":{"start":{"line":40,"column":23},"end":{"line":40,"column":52}},"19":{"start":{"line":41,"column":6},"end":{"line":43,"column":7}},"20":{"start":{"line":42,"column":8},"end":{"line":42,"column":15}},"21":{"start":{"line":44,"column":20},"end":{"line":44,"column":43}},"22":{"start":{"line":45,"column":17},"end":{"line":45,"column":37}},"23":{"start":{"line":46,"column":6},"end":{"line":50,"column":7}},"24":{"start":{"line":47,"column":8},"end":{"line":47,"column":20}},"25":{"start":{"line":48,"column":8},"end":{"line":48,"column":63}},"26":{"start":{"line":49,"column":8},"end":{"line":49,"column":15}},"27":{"start":{"line":51,"column":19},"end":{"line":51,"column":61}},"28":{"start":{"line":52,"column":24},"end":{"line":54,"column":7}},"29":{"start":{"line":53,"column":8},"end":{"line":53,"column":56}},"30":{"start":{"line":55,"column":21},"end":{"line":57,"column":7}},"31":{"start":{"line":56,"column":8},"end":{"line":56,"column":36}},"32":{"start":{"line":58,"column":6},"end":{"line":68,"column":7}},"33":{"start":{"line":59,"column":8},"end":{"line":59,"column":28}},"34":{"start":{"line":60,"column":8},"end":{"line":60,"column":18}},"35":{"start":{"line":61,"column":8},"end":{"line":61,"column":30}},"36":{"start":{"line":63,"column":8},"end":{"line":65,"column":9}},"37":{"start":{"line":64,"column":10},"end":{"line":64,"column":28}},"38":{"start":{"line":66,"column":8},"end":{"line":66,"column":28}},"39":{"start":{"line":67,"column":8},"end":{"line":67,"column":15}},"40":{"start":{"line":69,"column":6},"end":{"line":71,"column":7}},"41":{"start":{"line":70,"column":8},"end":{"line":70,"column":27}},"42":{"start":{"line":72,"column":19},"end":{"line":72,"column":25}},"43":{"start":{"line":73,"column":6},"end":{"line":75,"column":7}},"44":{"start":{"line":74,"column":8},"end":{"line":74,"column":26}},"45":{"start":{"line":79,"column":2},"end":{"line":79,"column":29}}},"fnMap":{"0":{"name":"getKeypointsObject","decl":{"start":{"line":3,"column":9},"end":{"line":3,"column":27}},"loc":{"start":{"line":3,"column":34},"end":{"line":8,"column":1}},"line":3},"1":{"name":"(anonymous_1)","decl":{"start":{"line":4,"column":31},"end":{"line":4,"column":32}},"loc":{"start":{"line":4,"column":60},"end":{"line":7,"column":3}},"line":4},"2":{"name":"reducer","decl":{"start":{"line":9,"column":9},"end":{"line":9,"column":16}},"loc":{"start":{"line":9,"column":32},"end":{"line":14,"column":1}},"line":9},"3":{"name":"Camera","decl":{"start":{"line":16,"column":9},"end":{"line":16,"column":15}},"loc":{"start":{"line":16,"column":35},"end":{"line":80,"column":1}},"line":16},"4":{"name":"(anonymous_4)","decl":{"start":{"line":20,"column":18},"end":{"line":20,"column":19}},"loc":{"start":{"line":20,"column":24},"end":{"line":22,"column":3}},"line":20},"5":{"name":"(anonymous_5)","decl":{"start":{"line":23,"column":20},"end":{"line":23,"column":21}},"loc":{"start":{"line":23,"column":26},"end":{"line":25,"column":3}},"line":23},"6":{"name":"(anonymous_6)","decl":{"start":{"line":27,"column":4},"end":{"line":27,"column":5}},"loc":{"start":{"line":27,"column":13},"end":{"line":76,"column":5}},"line":27},"7":{"name":"(anonymous_7)","decl":{"start":{"line":52,"column":24},"end":{"line":52,"column":25}},"loc":{"start":{"line":52,"column":42},"end":{"line":54,"column":7}},"line":52},"8":{"name":"(anonymous_8)","decl":{"start":{"line":55,"column":21},"end":{"line":55,"column":22}},"loc":{"start":{"line":55,"column":39},"end":{"line":57,"column":7}},"line":55}},"branchMap":{"0":{"loc":{"start":{"line":10,"column":2},"end":{"line":12,"column":3}},"type":"if","locations":[{"start":{"line":10,"column":2},"end":{"line":12,"column":3}},{"start":{"line":10,"column":2},"end":{"line":12,"column":3}}],"line":10},"1":{"loc":{"start":{"line":16,"column":17},"end":{"line":16,"column":33}},"type":"default-arg","locations":[{"start":{"line":16,"column":31},"end":{"line":16,"column":33}}],"line":16},"2":{"loc":{"start":{"line":28,"column":6},"end":{"line":30,"column":7}},"type":"if","locations":[{"start":{"line":28,"column":6},"end":{"line":30,"column":7}},{"start":{"line":28,"column":6},"end":{"line":30,"column":7}}],"line":28},"3":{"loc":{"start":{"line":39,"column":20},"end":{"line":39,"column":43}},"type":"binary-expr","locations":[{"start":{"line":39,"column":20},"end":{"line":39,"column":29}},{"start":{"line":39,"column":33},"end":{"line":39,"column":43}}],"line":39},"4":{"loc":{"start":{"line":40,"column":23},"end":{"line":40,"column":52}},"type":"binary-expr","locations":[{"start":{"line":40,"column":23},"end":{"line":40,"column":35}},{"start":{"line":40,"column":39},"end":{"line":40,"column":52}}],"line":40},"5":{"loc":{"start":{"line":41,"column":6},"end":{"line":43,"column":7}},"type":"if","locations":[{"start":{"line":41,"column":6},"end":{"line":43,"column":7}},{"start":{"line":41,"column":6},"end":{"line":43,"column":7}}],"line":41},"6":{"loc":{"start":{"line":41,"column":10},"end":{"line":41,"column":29}},"type":"binary-expr","locations":[{"start":{"line":41,"column":10},"end":{"line":41,"column":16}},{"start":{"line":41,"column":20},"end":{"line":41,"column":29}}],"line":41},"7":{"loc":{"start":{"line":44,"column":20},"end":{"line":44,"column":43}},"type":"binary-expr","locations":[{"start":{"line":44,"column":20},"end":{"line":44,"column":29}},{"start":{"line":44,"column":33},"end":{"line":44,"column":43}}],"line":44},"8":{"loc":{"start":{"line":46,"column":6},"end":{"line":50,"column":7}},"type":"if","locations":[{"start":{"line":46,"column":6},"end":{"line":50,"column":7}},{"start":{"line":46,"column":6},"end":{"line":50,"column":7}}],"line":46},"9":{"loc":{"start":{"line":46,"column":10},"end":{"line":46,"column":21}},"type":"binary-expr","locations":[{"start":{"line":46,"column":10},"end":{"line":46,"column":15}},{"start":{"line":46,"column":19},"end":{"line":46,"column":21}}],"line":46},"10":{"loc":{"start":{"line":58,"column":6},"end":{"line":68,"column":7}},"type":"if","locations":[{"start":{"line":58,"column":6},"end":{"line":68,"column":7}},{"start":{"line":58,"column":6},"end":{"line":68,"column":7}}],"line":58},"11":{"loc":{"start":{"line":58,"column":10},"end":{"line":58,"column":43}},"type":"binary-expr","locations":[{"start":{"line":58,"column":11},"end":{"line":58,"column":15}},{"start":{"line":58,"column":19},"end":{"line":58,"column":31}},{"start":{"line":58,"column":36},"end":{"line":58,"column":43}}],"line":58},"12":{"loc":{"start":{"line":63,"column":8},"end":{"line":65,"column":9}},"type":"if","locations":[{"start":{"line":63,"column":8},"end":{"line":65,"column":9}},{"start":{"line":63,"column":8},"end":{"line":65,"column":9}}],"line":63},"13":{"loc":{"start":{"line":63,"column":12},"end":{"line":63,"column":55}},"type":"binary-expr","locations":[{"start":{"line":63,"column":12},"end":{"line":63,"column":33}},{"start":{"line":63,"column":37},"end":{"line":63,"column":55}}],"line":63},"14":{"loc":{"start":{"line":69,"column":6},"end":{"line":71,"column":7}},"type":"if","locations":[{"start":{"line":69,"column":6},"end":{"line":71,"column":7}},{"start":{"line":69,"column":6},"end":{"line":71,"column":7}}],"line":69},"15":{"loc":{"start":{"line":69,"column":10},"end":{"line":69,"column":53}},"type":"binary-expr","locations":[{"start":{"line":69,"column":10},"end":{"line":69,"column":25}},{"start":{"line":69,"column":29},"end":{"line":69,"column":42}},{"start":{"line":69,"column":46},"end":{"line":69,"column":53}}],"line":69},"16":{"loc":{"start":{"line":73,"column":6},"end":{"line":75,"column":7}},"type":"if","locations":[{"start":{"line":73,"column":6},"end":{"line":75,"column":7}},{"start":{"line":73,"column":6},"end":{"line":75,"column":7}}],"line":73}},"s":{"0":0,"1":0,"2":0,"3":0,"4":0,"5":0,"6":0,"7":0,"8":0,"9":0,"10":0,"11":0,"12":0,"13":0,"14":0,"15":0,"16":0,"17":0,"18":0,"19":0,"20":0,"21":0,"22":0,"23":0,"24":0,"25":0,"26":0,"27":0,"28":0,"29":0,"30":0,"31":0,"32":0,"33":0,"34":0,"35":0,"36":0,"37":0,"38":0,"39":0,"40":0,"41":0,"42":0,"43":0,"44":0,"45":0},"f":{"0":0,"1":0,"2":0,"3":0,"4":0,"5":0,"6":0,"7":0,"8":0},"b":{"0":[0,0],"1":[0],"2":[0,0],"3":[0,0],"4":[0,0],"5":[0,0],"6":[0,0],"7":[0,0],"8":[0,0],"9":[0,0],"10":[0,0],"11":[0,0,0],"12":[0,0],"13":[0,0],"14":[0,0],"15":[0,0,0],"16":[0,0]},"_coverageSchema":"1a1c01bbd47fc00a2c39e90264f33305004495a9","hash":"c774b261c903584ddaab96978d8b9f785613df9a"}
,"/Users/justinkwan/FormCheck/client/src/components/Workout/Planks/CheckForm.jsx": {"path":"/Users/justinkwan/FormCheck/client/src/components/Workout/Planks/CheckForm.jsx","statementMap":{"0":{"start":{"line":6,"column":16},"end":{"line":9,"column":1}},"1":{"start":{"line":10,"column":15},"end":{"line":12,"column":1}},"2":{"start":{"line":13,"column":24},"end":{"line":15,"column":1}},"3":{"start":{"line":18,"column":30},"end":{"line":18,"column":38}},"4":{"start":{"line":20,"column":21},"end":{"line":20,"column":74}},"5":{"start":{"line":20,"column":42},"end":{"line":20,"column":59}},"6":{"start":{"line":21,"column":18},"end":{"line":21,"column":31}},"7":{"start":{"line":22,"column":26},"end":{"line":22,"column":38}},"8":{"start":{"line":23,"column":29},"end":{"line":23,"column":56}},"9":{"start":{"line":24,"column":24},"end":{"line":32,"column":3}},"10":{"start":{"line":25,"column":4},"end":{"line":31,"column":5}},"11":{"start":{"line":26,"column":6},"end":{"line":26,"column":51}},"12":{"start":{"line":27,"column":11},"end":{"line":31,"column":5}},"13":{"start":{"line":28,"column":6},"end":{"line":28,"column":54}},"14":{"start":{"line":30,"column":6},"end":{"line":30,"column":62}},"15":{"start":{"line":33,"column":2},"end":{"line":43,"column":3}}},"fnMap":{"0":{"name":"CheckForm","decl":{"start":{"line":17,"column":9},"end":{"line":17,"column":18}},"loc":{"start":{"line":17,"column":26},"end":{"line":44,"column":1}},"line":17},"1":{"name":"(anonymous_1)","decl":{"start":{"line":20,"column":33},"end":{"line":20,"column":34}},"loc":{"start":{"line":20,"column":42},"end":{"line":20,"column":59}},"line":20},"2":{"name":"(anonymous_2)","decl":{"start":{"line":24,"column":24},"end":{"line":24,"column":25}},"loc":{"start":{"line":24,"column":30},"end":{"line":32,"column":3}},"line":24}},"branchMap":{"0":{"loc":{"start":{"line":25,"column":4},"end":{"line":31,"column":5}},"type":"if","locations":[{"start":{"line":25,"column":4},"end":{"line":31,"column":5}},{"start":{"line":25,"column":4},"end":{"line":31,"column":5}}],"line":25},"1":{"loc":{"start":{"line":27,"column":11},"end":{"line":31,"column":5}},"type":"if","locations":[{"start":{"line":27,"column":11},"end":{"line":31,"column":5}},{"start":{"line":27,"column":11},"end":{"line":31,"column":5}}],"line":27}},"s":{"0":1,"1":1,"2":1,"3":0,"4":0,"5":0,"6":0,"7":0,"8":0,"9":0,"10":0,"11":0,"12":0,"13":0,"14":0,"15":0},"f":{"0":0,"1":0,"2":0},"b":{"0":[0,0],"1":[0,0]},"_coverageSchema":"1a1c01bbd47fc00a2c39e90264f33305004495a9","hash":"74dfc74744201c1ebea79040fb07ea2ecf583f97"}
,"/Users/justinkwan/FormCheck/client/src/components/Workout/Shoulders/Camera.jsx": {"path":"/Users/justinkwan/FormCheck/client/src/components/Workout/Shoulders/Camera.jsx","statementMap":{"0":{"start":{"line":4,"column":2},"end":{"line":7,"column":8}},"1":{"start":{"line":5,"column":4},"end":{"line":5,"column":24}},"2":{"start":{"line":6,"column":4},"end":{"line":6,"column":14}},"3":{"start":{"line":10,"column":2},"end":{"line":12,"column":3}},"4":{"start":{"line":11,"column":4},"end":{"line":11,"column":13}},"5":{"start":{"line":13,"column":2},"end":{"line":13,"column":19}},"6":{"start":{"line":17,"column":28},"end":{"line":17,"column":50}},"7":{"start":{"line":18,"column":19},"end":{"line":18,"column":28}},"8":{"start":{"line":19,"column":21},"end":{"line":19,"column":26}},"9":{"start":{"line":20,"column":18},"end":{"line":22,"column":3}},"10":{"start":{"line":21,"column":4},"end":{"line":21,"column":25}},"11":{"start":{"line":23,"column":20},"end":{"line":25,"column":3}},"12":{"start":{"line":24,"column":4},"end":{"line":24,"column":24}},"13":{"start":{"line":26,"column":21},"end":{"line":78,"column":3}},"14":{"start":{"line":28,"column":6},"end":{"line":30,"column":7}},"15":{"start":{"line":29,"column":8},"end":{"line":29,"column":15}},"16":{"start":{"line":38,"column":10},"end":{"line":38,"column":38}},"17":{"start":{"line":39,"column":20},"end":{"line":39,"column":43}},"18":{"start":{"line":40,"column":23},"end":{"line":40,"column":52}},"19":{"start":{"line":41,"column":6},"end":{"line":43,"column":7}},"20":{"start":{"line":42,"column":8},"end":{"line":42,"column":15}},"21":{"start":{"line":44,"column":20},"end":{"line":44,"column":43}},"22":{"start":{"line":45,"column":17},"end":{"line":45,"column":37}},"23":{"start":{"line":46,"column":6},"end":{"line":50,"column":7}},"24":{"start":{"line":47,"column":8},"end":{"line":47,"column":20}},"25":{"start":{"line":48,"column":8},"end":{"line":48,"column":63}},"26":{"start":{"line":49,"column":8},"end":{"line":49,"column":15}},"27":{"start":{"line":51,"column":19},"end":{"line":51,"column":61}},"28":{"start":{"line":52,"column":24},"end":{"line":54,"column":7}},"29":{"start":{"line":53,"column":8},"end":{"line":53,"column":56}},"30":{"start":{"line":55,"column":21},"end":{"line":57,"column":7}},"31":{"start":{"line":56,"column":8},"end":{"line":56,"column":36}},"32":{"start":{"line":58,"column":6},"end":{"line":68,"column":7}},"33":{"start":{"line":59,"column":8},"end":{"line":59,"column":28}},"34":{"start":{"line":60,"column":8},"end":{"line":60,"column":18}},"35":{"start":{"line":61,"column":8},"end":{"line":61,"column":30}},"36":{"start":{"line":63,"column":8},"end":{"line":65,"column":9}},"37":{"start":{"line":64,"column":10},"end":{"line":64,"column":28}},"38":{"start":{"line":66,"column":8},"end":{"line":66,"column":28}},"39":{"start":{"line":67,"column":8},"end":{"line":67,"column":15}},"40":{"start":{"line":69,"column":6},"end":{"line":71,"column":7}},"41":{"start":{"line":70,"column":8},"end":{"line":70,"column":27}},"42":{"start":{"line":72,"column":19},"end":{"line":72,"column":25}},"43":{"start":{"line":73,"column":6},"end":{"line":75,"column":7}},"44":{"start":{"line":74,"column":8},"end":{"line":74,"column":26}},"45":{"start":{"line":79,"column":2},"end":{"line":79,"column":29}}},"fnMap":{"0":{"name":"getKeypointsObject","decl":{"start":{"line":3,"column":9},"end":{"line":3,"column":27}},"loc":{"start":{"line":3,"column":34},"end":{"line":8,"column":1}},"line":3},"1":{"name":"(anonymous_1)","decl":{"start":{"line":4,"column":31},"end":{"line":4,"column":32}},"loc":{"start":{"line":4,"column":60},"end":{"line":7,"column":3}},"line":4},"2":{"name":"reducer","decl":{"start":{"line":9,"column":9},"end":{"line":9,"column":16}},"loc":{"start":{"line":9,"column":32},"end":{"line":14,"column":1}},"line":9},"3":{"name":"Camera","decl":{"start":{"line":16,"column":9},"end":{"line":16,"column":15}},"loc":{"start":{"line":16,"column":35},"end":{"line":80,"column":1}},"line":16},"4":{"name":"(anonymous_4)","decl":{"start":{"line":20,"column":18},"end":{"line":20,"column":19}},"loc":{"start":{"line":20,"column":24},"end":{"line":22,"column":3}},"line":20},"5":{"name":"(anonymous_5)","decl":{"start":{"line":23,"column":20},"end":{"line":23,"column":21}},"loc":{"start":{"line":23,"column":26},"end":{"line":25,"column":3}},"line":23},"6":{"name":"(anonymous_6)","decl":{"start":{"line":27,"column":4},"end":{"line":27,"column":5}},"loc":{"start":{"line":27,"column":13},"end":{"line":76,"column":5}},"line":27},"7":{"name":"(anonymous_7)","decl":{"start":{"line":52,"column":24},"end":{"line":52,"column":25}},"loc":{"start":{"line":52,"column":42},"end":{"line":54,"column":7}},"line":52},"8":{"name":"(anonymous_8)","decl":{"start":{"line":55,"column":21},"end":{"line":55,"column":22}},"loc":{"start":{"line":55,"column":39},"end":{"line":57,"column":7}},"line":55}},"branchMap":{"0":{"loc":{"start":{"line":10,"column":2},"end":{"line":12,"column":3}},"type":"if","locations":[{"start":{"line":10,"column":2},"end":{"line":12,"column":3}},{"start":{"line":10,"column":2},"end":{"line":12,"column":3}}],"line":10},"1":{"loc":{"start":{"line":16,"column":17},"end":{"line":16,"column":33}},"type":"default-arg","locations":[{"start":{"line":16,"column":31},"end":{"line":16,"column":33}}],"line":16},"2":{"loc":{"start":{"line":28,"column":6},"end":{"line":30,"column":7}},"type":"if","locations":[{"start":{"line":28,"column":6},"end":{"line":30,"column":7}},{"start":{"line":28,"column":6},"end":{"line":30,"column":7}}],"line":28},"3":{"loc":{"start":{"line":39,"column":20},"end":{"line":39,"column":43}},"type":"binary-expr","locations":[{"start":{"line":39,"column":20},"end":{"line":39,"column":29}},{"start":{"line":39,"column":33},"end":{"line":39,"column":43}}],"line":39},"4":{"loc":{"start":{"line":40,"column":23},"end":{"line":40,"column":52}},"type":"binary-expr","locations":[{"start":{"line":40,"column":23},"end":{"line":40,"column":35}},{"start":{"line":40,"column":39},"end":{"line":40,"column":52}}],"line":40},"5":{"loc":{"start":{"line":41,"column":6},"end":{"line":43,"column":7}},"type":"if","locations":[{"start":{"line":41,"column":6},"end":{"line":43,"column":7}},{"start":{"line":41,"column":6},"end":{"line":43,"column":7}}],"line":41},"6":{"loc":{"start":{"line":41,"column":10},"end":{"line":41,"column":29}},"type":"binary-expr","locations":[{"start":{"line":41,"column":10},"end":{"line":41,"column":16}},{"start":{"line":41,"column":20},"end":{"line":41,"column":29}}],"line":41},"7":{"loc":{"start":{"line":44,"column":20},"end":{"line":44,"column":43}},"type":"binary-expr","locations":[{"start":{"line":44,"column":20},"end":{"line":44,"column":29}},{"start":{"line":44,"column":33},"end":{"line":44,"column":43}}],"line":44},"8":{"loc":{"start":{"line":46,"column":6},"end":{"line":50,"column":7}},"type":"if","locations":[{"start":{"line":46,"column":6},"end":{"line":50,"column":7}},{"start":{"line":46,"column":6},"end":{"line":50,"column":7}}],"line":46},"9":{"loc":{"start":{"line":46,"column":10},"end":{"line":46,"column":21}},"type":"binary-expr","locations":[{"start":{"line":46,"column":10},"end":{"line":46,"column":15}},{"start":{"line":46,"column":19},"end":{"line":46,"column":21}}],"line":46},"10":{"loc":{"start":{"line":58,"column":6},"end":{"line":68,"column":7}},"type":"if","locations":[{"start":{"line":58,"column":6},"end":{"line":68,"column":7}},{"start":{"line":58,"column":6},"end":{"line":68,"column":7}}],"line":58},"11":{"loc":{"start":{"line":58,"column":10},"end":{"line":58,"column":43}},"type":"binary-expr","locations":[{"start":{"line":58,"column":11},"end":{"line":58,"column":15}},{"start":{"line":58,"column":19},"end":{"line":58,"column":31}},{"start":{"line":58,"column":36},"end":{"line":58,"column":43}}],"line":58},"12":{"loc":{"start":{"line":63,"column":8},"end":{"line":65,"column":9}},"type":"if","locations":[{"start":{"line":63,"column":8},"end":{"line":65,"column":9}},{"start":{"line":63,"column":8},"end":{"line":65,"column":9}}],"line":63},"13":{"loc":{"start":{"line":63,"column":12},"end":{"line":63,"column":55}},"type":"binary-expr","locations":[{"start":{"line":63,"column":12},"end":{"line":63,"column":33}},{"start":{"line":63,"column":37},"end":{"line":63,"column":55}}],"line":63},"14":{"loc":{"start":{"line":69,"column":6},"end":{"line":71,"column":7}},"type":"if","locations":[{"start":{"line":69,"column":6},"end":{"line":71,"column":7}},{"start":{"line":69,"column":6},"end":{"line":71,"column":7}}],"line":69},"15":{"loc":{"start":{"line":69,"column":10},"end":{"line":69,"column":53}},"type":"binary-expr","locations":[{"start":{"line":69,"column":10},"end":{"line":69,"column":25}},{"start":{"line":69,"column":29},"end":{"line":69,"column":42}},{"start":{"line":69,"column":46},"end":{"line":69,"column":53}}],"line":69},"16":{"loc":{"start":{"line":73,"column":6},"end":{"line":75,"column":7}},"type":"if","locations":[{"start":{"line":73,"column":6},"end":{"line":75,"column":7}},{"start":{"line":73,"column":6},"end":{"line":75,"column":7}}],"line":73}},"s":{"0":0,"1":0,"2":0,"3":0,"4":0,"5":0,"6":0,"7":0,"8":0,"9":0,"10":0,"11":0,"12":0,"13":0,"14":0,"15":0,"16":0,"17":0,"18":0,"19":0,"20":0,"21":0,"22":0,"23":0,"24":0,"25":0,"26":0,"27":0,"28":0,"29":0,"30":0,"31":0,"32":0,"33":0,"34":0,"35":0,"36":0,"37":0,"38":0,"39":0,"40":0,"41":0,"42":0,"43":0,"44":0,"45":0},"f":{"0":0,"1":0,"2":0,"3":0,"4":0,"5":0,"6":0,"7":0,"8":0},"b":{"0":[0,0],"1":[0],"2":[0,0],"3":[0,0],"4":[0,0],"5":[0,0],"6":[0,0],"7":[0,0],"8":[0,0],"9":[0,0],"10":[0,0],"11":[0,0,0],"12":[0,0],"13":[0,0],"14":[0,0],"15":[0,0,0],"16":[0,0]},"_coverageSchema":"1a1c01bbd47fc00a2c39e90264f33305004495a9","hash":"283addb8c86eb1718f91e9b07e0201a69c8a1c79"}
,"/Users/justinkwan/FormCheck/client/src/components/Workout/Shoulders/CheckForm.jsx": {"path":"/Users/justinkwan/FormCheck/client/src/components/Workout/Shoulders/CheckForm.jsx","statementMap":{"0":{"start":{"line":6,"column":16},"end":{"line":9,"column":1}},"1":{"start":{"line":10,"column":15},"end":{"line":12,"column":1}},"2":{"start":{"line":13,"column":24},"end":{"line":15,"column":1}},"3":{"start":{"line":18,"column":30},"end":{"line":18,"column":38}},"4":{"start":{"line":20,"column":21},"end":{"line":20,"column":74}},"5":{"start":{"line":20,"column":42},"end":{"line":20,"column":59}},"6":{"start":{"line":21,"column":18},"end":{"line":21,"column":31}},"7":{"start":{"line":22,"column":26},"end":{"line":22,"column":38}},"8":{"start":{"line":23,"column":29},"end":{"line":23,"column":56}},"9":{"start":{"line":24,"column":24},"end":{"line":32,"column":3}},"10":{"start":{"line":25,"column":4},"end":{"line":31,"column":5}},"11":{"start":{"line":26,"column":6},"end":{"line":26,"column":51}},"12":{"start":{"line":27,"column":11},"end":{"line":31,"column":5}},"13":{"start":{"line":28,"column":6},"end":{"line":28,"column":54}},"14":{"start":{"line":30,"column":6},"end":{"line":30,"column":62}},"15":{"start":{"line":33,"column":2},"end":{"line":43,"column":3}}},"fnMap":{"0":{"name":"CheckForm","decl":{"start":{"line":17,"column":9},"end":{"line":17,"column":18}},"loc":{"start":{"line":17,"column":26},"end":{"line":44,"column":1}},"line":17},"1":{"name":"(anonymous_1)","decl":{"start":{"line":20,"column":33},"end":{"line":20,"column":34}},"loc":{"start":{"line":20,"column":42},"end":{"line":20,"column":59}},"line":20},"2":{"name":"(anonymous_2)","decl":{"start":{"line":24,"column":24},"end":{"line":24,"column":25}},"loc":{"start":{"line":24,"column":30},"end":{"line":32,"column":3}},"line":24}},"branchMap":{"0":{"loc":{"start":{"line":25,"column":4},"end":{"line":31,"column":5}},"type":"if","locations":[{"start":{"line":25,"column":4},"end":{"line":31,"column":5}},{"start":{"line":25,"column":4},"end":{"line":31,"column":5}}],"line":25},"1":{"loc":{"start":{"line":27,"column":11},"end":{"line":31,"column":5}},"type":"if","locations":[{"start":{"line":27,"column":11},"end":{"line":31,"column":5}},{"start":{"line":27,"column":11},"end":{"line":31,"column":5}}],"line":27}},"s":{"0":1,"1":1,"2":1,"3":0,"4":0,"5":0,"6":0,"7":0,"8":0,"9":0,"10":0,"11":0,"12":0,"13":0,"14":0,"15":0},"f":{"0":0,"1":0,"2":0},"b":{"0":[0,0],"1":[0,0]},"_coverageSchema":"1a1c01bbd47fc00a2c39e90264f33305004495a9","hash":"cfc9dd62278efc3e413b05c0763ad6bce26f8ed8"}
}
