TN:
SF:client/src/components/Form/Button.jsx
FN:7,(anonymous_0)
FN:18,UploadButtons
FNF:2
FNH:2
FNDA:1,(anonymous_0)
FNDA:4,UploadButtons
DA:7,1
DA:19,4
DA:21,4
LF:3
LH:3
BRDA:45,0,0,0
BRDA:45,0,1,4
BRF:2
BRH:1
end_of_record
TN:
SF:client/src/components/Form/ProgressForm.jsx
FN:35,ProgressForm
FN:39,(anonymous_1)
FN:43,(anonymous_2)
FN:47,(anonymous_3)
FNF:4
FNH:2
FNDA:3,ProgressForm
FNDA:0,(anonymous_1)
FNDA:1,(anonymous_2)
FNDA:0,(anonymous_3)
DA:6,1
DA:12,1
DA:13,1
DA:15,1
DA:24,1
DA:25,1
DA:36,3
DA:37,3
DA:39,3
DA:40,0
DA:43,3
DA:44,1
DA:47,3
DA:48,0
DA:49,0
DA:50,0
DA:51,0
DA:55,0
DA:56,0
DA:57,0
DA:60,3
LF:21
LH:13
BRF:0
BRH:0
end_of_record
TN:
SF:client/src/components/FrontPage/App.jsx
FN:38,(anonymous_0)
FN:102,App
FN:113,(anonymous_2)
FN:117,(anonymous_3)
FN:122,(anonymous_4)
FN:129,(anonymous_5)
FN:134,(anonymous_6)
FN:140,(anonymous_7)
FN:142,(anonymous_8)
FN:145,(anonymous_9)
FN:149,(anonymous_10)
FN:152,(anonymous_11)
FN:156,(anonymous_12)
FN:173,(anonymous_13)
FN:181,(anonymous_14)
FN:182,(anonymous_15)
FN:260,(anonymous_16)
FN:267,(anonymous_17)
FN:332,(anonymous_18)
FNF:19
FNH:8
FNDA:1,(anonymous_0)
FNDA:3,App
FNDA:0,(anonymous_2)
FNDA:0,(anonymous_3)
FNDA:0,(anonymous_4)
FNDA:0,(anonymous_5)
FNDA:0,(anonymous_6)
FNDA:1,(anonymous_7)
FNDA:0,(anonymous_8)
FNDA:0,(anonymous_9)
FNDA:1,(anonymous_10)
FNDA:1,(anonymous_11)
FNDA:0,(anonymous_12)
FNDA:0,(anonymous_13)
FNDA:0,(anonymous_14)
FNDA:0,(anonymous_15)
FNDA:12,(anonymous_16)
FNDA:3,(anonymous_17)
FNDA:12,(anonymous_18)
DA:36,1
DA:38,1
DA:103,3
DA:104,3
DA:105,3
DA:106,3
DA:107,3
DA:108,3
DA:109,3
DA:110,3
DA:113,3
DA:114,0
DA:117,3
DA:118,0
DA:122,3
DA:123,0
DA:124,0
DA:125,0
DA:129,3
DA:130,0
DA:134,3
DA:135,0
DA:136,0
DA:140,3
DA:141,1
DA:143,0
DA:144,0
DA:145,0
DA:147,0
DA:149,1
DA:152,3
DA:153,1
DA:154,1
DA:156,0
DA:157,0
DA:159,0
DA:160,0
DA:173,3
DA:174,0
DA:180,0
DA:181,0
DA:182,0
DA:260,3
DA:261,12
DA:262,9
DA:263,3
DA:267,3
DA:268,3
DA:269,0
DA:270,3
DA:271,0
DA:272,3
DA:273,0
DA:277,3
DA:286,3
DA:333,12
LF:56
LH:33
BRDA:144,0,0,0
BRDA:144,0,1,0
BRDA:144,1,0,0
BRDA:144,1,1,0
BRDA:153,2,0,1
BRDA:153,2,1,0
BRDA:261,3,0,3
BRDA:261,3,1,9
BRDA:262,4,0,6
BRDA:262,4,1,3
BRDA:262,5,0,9
BRDA:262,5,1,6
BRDA:263,6,0,3
BRDA:263,6,1,0
BRDA:268,7,0,0
BRDA:268,7,1,3
BRDA:270,8,0,0
BRDA:270,8,1,3
BRDA:272,9,0,0
BRDA:272,9,1,3
BRDA:327,10,0,0
BRDA:327,10,1,3
BRF:22
BRH:12
end_of_record
TN:
SF:client/src/components/FrontPage/Greeting.jsx
FN:12,(anonymous_0)
FNF:1
FNH:1
FNDA:2,(anonymous_0)
DA:5,1
DA:7,1
DA:9,1
DA:12,1
DA:13,2
LF:5
LH:5
BRF:0
BRH:0
end_of_record
TN:
SF:client/src/components/FrontPage/SearchBar.jsx
FN:11,(anonymous_0)
FN:31,SearchBar
FNF:2
FNH:2
FNDA:1,(anonymous_0)
FNDA:2,SearchBar
DA:11,1
DA:32,2
DA:34,2
LF:3
LH:3
BRF:0
BRH:0
end_of_record
TN:
SF:client/src/components/Progress/Images.jsx
FN:12,(anonymous_0)
FN:37,Images
FN:40,(anonymous_2)
FN:48,(anonymous_3)
FNF:4
FNH:2
FNDA:1,(anonymous_0)
FNDA:2,Images
FNDA:0,(anonymous_2)
FNDA:0,(anonymous_3)
DA:12,1
DA:38,2
DA:39,2
DA:40,2
DA:41,0
DA:43,2
DA:44,2
DA:45,1
DA:49,0
DA:69,1
LF:10
LH:8
BRDA:44,0,0,1
BRDA:44,0,1,1
BRDA:49,1,0,0
BRDA:49,1,1,0
BRDA:49,2,0,0
BRDA:49,2,1,0
BRF:6
BRH:2
end_of_record
TN:
SF:client/src/components/Workout/Planks.jsx
FN:20,Planks
FN:31,(anonymous_1)
FN:35,(anonymous_2)
FN:39,(anonymous_3)
FNF:4
FNH:2
FNDA:1,Planks
FNDA:0,(anonymous_1)
FNDA:0,(anonymous_2)
FNDA:1,(anonymous_3)
DA:8,1
DA:11,1
DA:15,1
DA:21,1
DA:22,1
DA:23,1
DA:31,1
DA:33,0
DA:35,1
DA:36,0
DA:37,0
DA:39,1
DA:40,1
DA:41,0
DA:43,1
DA:56,1
LF:16
LH:12
BRDA:40,0,0,0
BRDA:40,0,1,1
BRF:2
BRH:1
end_of_record
TN:
SF:client/src/components/Workout/Shoulders.jsx
FN:20,Shoulders
FN:32,(anonymous_1)
FN:37,(anonymous_2)
FN:42,(anonymous_3)
FNF:4
FNH:2
FNDA:1,Shoulders
FNDA:0,(anonymous_1)
FNDA:0,(anonymous_2)
FNDA:1,(anonymous_3)
DA:9,1
DA:12,1
DA:16,1
DA:21,1
DA:22,1
DA:23,1
DA:32,1
DA:34,0
DA:37,1
DA:38,0
DA:39,0
DA:42,1
DA:43,1
DA:44,0
DA:46,1
DA:59,1
LF:16
LH:12
BRDA:43,0,0,0
BRDA:43,0,1,1
BRF:2
BRH:1
end_of_record
TN:
SF:client/src/components/Workout/Planks/Camera.jsx
FN:3,getKeypointsObject
FN:4,(anonymous_1)
FN:9,reducer
FN:16,Camera
FN:20,(anonymous_4)
FN:23,(anonymous_5)
FN:27,(anonymous_6)
FN:52,(anonymous_7)
FN:55,(anonymous_8)
FNF:9
FNH:0
FNDA:0,getKeypointsObject
FNDA:0,(anonymous_1)
FNDA:0,reducer
FNDA:0,Camera
FNDA:0,(anonymous_4)
FNDA:0,(anonymous_5)
FNDA:0,(anonymous_6)
FNDA:0,(anonymous_7)
FNDA:0,(anonymous_8)
DA:4,0
DA:5,0
DA:6,0
DA:10,0
DA:11,0
DA:13,0
DA:17,0
DA:18,0
DA:19,0
DA:20,0
DA:21,0
DA:23,0
DA:24,0
DA:26,0
DA:28,0
DA:29,0
DA:38,0
DA:39,0
DA:40,0
DA:41,0
DA:42,0
DA:44,0
DA:45,0
DA:46,0
DA:47,0
DA:48,0
DA:49,0
DA:51,0
DA:52,0
DA:53,0
DA:55,0
DA:56,0
DA:58,0
DA:59,0
DA:60,0
DA:61,0
DA:63,0
DA:64,0
DA:66,0
DA:67,0
DA:69,0
DA:70,0
DA:72,0
DA:73,0
DA:74,0
DA:79,0
LF:46
LH:0
BRDA:10,0,0,0
BRDA:10,0,1,0
BRDA:16,1,0,0
BRDA:28,2,0,0
BRDA:28,2,1,0
BRDA:39,3,0,0
BRDA:39,3,1,0
BRDA:40,4,0,0
BRDA:40,4,1,0
BRDA:41,5,0,0
BRDA:41,5,1,0
BRDA:41,6,0,0
BRDA:41,6,1,0
BRDA:44,7,0,0
BRDA:44,7,1,0
BRDA:46,8,0,0
BRDA:46,8,1,0
BRDA:46,9,0,0
BRDA:46,9,1,0
BRDA:58,10,0,0
BRDA:58,10,1,0
BRDA:58,11,0,0
BRDA:58,11,1,0
BRDA:58,11,2,0
BRDA:63,12,0,0
BRDA:63,12,1,0
BRDA:63,13,0,0
BRDA:63,13,1,0
BRDA:69,14,0,0
BRDA:69,14,1,0
BRDA:69,15,0,0
BRDA:69,15,1,0
BRDA:69,15,2,0
BRDA:73,16,0,0
BRDA:73,16,1,0
BRF:35
BRH:0
end_of_record
TN:
SF:client/src/components/Workout/Planks/CheckForm.jsx
FN:17,CheckForm
FN:20,(anonymous_1)
FN:24,(anonymous_2)
FNF:3
FNH:0
FNDA:0,CheckForm
FNDA:0,(anonymous_1)
FNDA:0,(anonymous_2)
DA:6,1
DA:10,1
DA:13,1
DA:18,0
DA:20,0
DA:21,0
DA:22,0
DA:23,0
DA:24,0
DA:25,0
DA:26,0
DA:27,0
DA:28,0
DA:30,0
DA:33,0
LF:15
LH:3
BRDA:25,0,0,0
BRDA:25,0,1,0
BRDA:27,1,0,0
BRDA:27,1,1,0
BRF:4
BRH:0
end_of_record
TN:
SF:client/src/components/Workout/Shoulders/Camera.jsx
FN:3,getKeypointsObject
FN:4,(anonymous_1)
FN:9,reducer
FN:16,Camera
FN:20,(anonymous_4)
FN:23,(anonymous_5)
FN:27,(anonymous_6)
FN:52,(anonymous_7)
FN:55,(anonymous_8)
FNF:9
FNH:0
FNDA:0,getKeypointsObject
FNDA:0,(anonymous_1)
FNDA:0,reducer
FNDA:0,Camera
FNDA:0,(anonymous_4)
FNDA:0,(anonymous_5)
FNDA:0,(anonymous_6)
FNDA:0,(anonymous_7)
FNDA:0,(anonymous_8)
DA:4,0
DA:5,0
DA:6,0
DA:10,0
DA:11,0
DA:13,0
DA:17,0
DA:18,0
DA:19,0
DA:20,0
DA:21,0
DA:23,0
DA:24,0
DA:26,0
DA:28,0
DA:29,0
DA:38,0
DA:39,0
DA:40,0
DA:41,0
DA:42,0
DA:44,0
DA:45,0
DA:46,0
DA:47,0
DA:48,0
DA:49,0
DA:51,0
DA:52,0
DA:53,0
DA:55,0
DA:56,0
DA:58,0
DA:59,0
DA:60,0
DA:61,0
DA:63,0
DA:64,0
DA:66,0
DA:67,0
DA:69,0
DA:70,0
DA:72,0
DA:73,0
DA:74,0
DA:79,0
LF:46
LH:0
BRDA:10,0,0,0
BRDA:10,0,1,0
BRDA:16,1,0,0
BRDA:28,2,0,0
BRDA:28,2,1,0
BRDA:39,3,0,0
BRDA:39,3,1,0
BRDA:40,4,0,0
BRDA:40,4,1,0
BRDA:41,5,0,0
BRDA:41,5,1,0
BRDA:41,6,0,0
BRDA:41,6,1,0
BRDA:44,7,0,0
BRDA:44,7,1,0
BRDA:46,8,0,0
BRDA:46,8,1,0
BRDA:46,9,0,0
BRDA:46,9,1,0
BRDA:58,10,0,0
BRDA:58,10,1,0
BRDA:58,11,0,0
BRDA:58,11,1,0
BRDA:58,11,2,0
BRDA:63,12,0,0
BRDA:63,12,1,0
BRDA:63,13,0,0
BRDA:63,13,1,0
BRDA:69,14,0,0
BRDA:69,14,1,0
BRDA:69,15,0,0
BRDA:69,15,1,0
BRDA:69,15,2,0
BRDA:73,16,0,0
BRDA:73,16,1,0
BRF:35
BRH:0
end_of_record
TN:
SF:client/src/components/Workout/Shoulders/CheckForm.jsx
FN:17,CheckForm
FN:20,(anonymous_1)
FN:24,(anonymous_2)
FNF:3
FNH:0
FNDA:0,CheckForm
FNDA:0,(anonymous_1)
FNDA:0,(anonymous_2)
DA:6,1
DA:10,1
DA:13,1
DA:18,0
DA:20,0
DA:21,0
DA:22,0
DA:23,0
DA:24,0
DA:25,0
DA:26,0
DA:27,0
DA:28,0
DA:30,0
DA:33,0
LF:15
LH:3
BRDA:25,0,0,0
BRDA:25,0,1,0
BRDA:27,1,0,0
BRDA:27,1,1,0
BRF:4
BRH:0
end_of_record
